<?xml version="1.0" encoding="UTF-8"?>
<coverage generated="1676532129373" clover="4.4.1">
   <project name="Gson 1.6" timestamp="1676532120676">
      <metrics coveredelements="2786" complexity="1244" loc="11588" methods="621" classes="128" statements="2432" packages="4" coveredconditionals="518" coveredmethods="462" elements="3903" ncloc="5408" files="90" conditionals="850" coveredstatements="1806"/>
      <package name="com.google.gson.stream">
         <metrics coveredelements="655" complexity="266" loc="1856" methods="73" classes="5" statements="550" coveredconditionals="124" coveredmethods="69" elements="789" ncloc="873" files="5" conditionals="166" coveredstatements="462"/>
         <file path="/home/sepehr/masters/test_generation/model_generated_coverage/Gson1f_train_1/gson/src/main/java/com/google/gson/stream/JsonReader.java" name="JsonReader.java">
            <metrics coveredelements="458" coveredconditionals="90" complexity="195" loc="1118" coveredmethods="41" methods="44" elements="581" classes="1" ncloc="606" statements="409" conditionals="128" coveredstatements="327"/>
            <class name="JsonReader">
               <metrics coveredelements="458" coveredconditionals="90" complexity="195" coveredmethods="41" methods="44" elements="581" statements="409" conditionals="128" coveredstatements="327"/>
            </class>
            <line complexity="1" visibility="package" signature="&lt;init&gt;, line 206()" num="206" count="103" type="method"/>
            <line num="207" count="103" type="stmt"/>
            <line complexity="2" visibility="public" signature="JsonReader(Reader)" num="238" count="103" type="method"/>
            <line num="239" count="103" type="stmt"/>
            <line falsecount="103" truecount="0" num="239" type="cond"/>
            <line num="240" count="0" type="stmt"/>
            <line num="242" count="103" type="stmt"/>
            <line complexity="1" visibility="public" signature="setLenient(boolean) : void" num="274" count="156" type="method"/>
            <line num="275" count="156" type="stmt"/>
            <line complexity="1" visibility="public" signature="isLenient() : boolean" num="281" count="72" type="method"/>
            <line num="282" count="72" type="stmt"/>
            <line complexity="1" visibility="public" signature="beginArray() : void" num="289" count="53" type="method"/>
            <line num="290" count="53" type="stmt"/>
            <line complexity="1" visibility="public" signature="endArray() : void" num="297" count="40" type="method"/>
            <line num="298" count="40" type="stmt"/>
            <line complexity="1" visibility="public" signature="beginObject() : void" num="305" count="57" type="method"/>
            <line num="306" count="57" type="stmt"/>
            <line complexity="1" visibility="public" signature="endObject() : void" num="313" count="44" type="method"/>
            <line num="314" count="44" type="stmt"/>
            <line complexity="2" visibility="private" signature="expect(JsonToken) : void" num="320" count="194" type="method"/>
            <line num="321" count="194" type="stmt"/>
            <line num="322" count="192" type="stmt"/>
            <line falsecount="186" truecount="6" num="322" type="cond"/>
            <line num="323" count="6" type="stmt"/>
            <line num="325" count="186" type="stmt"/>
            <line complexity="1" visibility="public" signature="hasNext() : boolean" num="331" count="230" type="method"/>
            <line num="332" count="230" type="stmt"/>
            <line num="333" count="230" type="stmt"/>
            <line complexity="2" visibility="public" signature="peek() : JsonToken" num="339" count="403" type="method"/>
            <line num="340" count="403" type="stmt"/>
            <line num="342" count="397" type="stmt"/>
            <line falsecount="285" truecount="112" num="342" type="cond"/>
            <line num="343" count="112" type="stmt"/>
            <line num="346" count="397" type="stmt"/>
            <line complexity="16" visibility="private" signature="quickPeek() : JsonToken" num="354" count="1463" type="method"/>
            <line num="355" count="1463" type="stmt"/>
            <line falsecount="510" truecount="953" num="355" type="cond"/>
            <line num="356" count="953" type="stmt"/>
            <line num="359" count="510" type="stmt"/>
            <line num="360" count="102" type="stmt"/>
            <line num="361" count="102" type="stmt"/>
            <line falsecount="21" truecount="81" num="361" type="cond"/>
            <line num="362" count="81" type="stmt"/>
            <line num="364" count="100" type="stmt"/>
            <line num="365" count="100" type="stmt"/>
            <line num="366" count="100" type="stmt"/>
            <line falsecount="98" truecount="2" num="366" type="cond"/>
            <line num="367" count="2" type="stmt"/>
            <line num="369" count="98" type="stmt"/>
            <line num="370" count="52" type="stmt"/>
            <line num="371" count="52" type="stmt"/>
            <line num="372" count="91" type="stmt"/>
            <line num="373" count="91" type="stmt"/>
            <line num="374" count="56" type="stmt"/>
            <line num="375" count="56" type="stmt"/>
            <line num="376" count="99" type="stmt"/>
            <line num="377" count="99" type="stmt"/>
            <line num="378" count="92" type="stmt"/>
            <line num="379" count="92" type="stmt"/>
            <line num="380" count="15" type="stmt"/>
            <line num="381" count="15" type="stmt"/>
            <line num="382" count="15" type="stmt"/>
            <line num="383" count="6" type="stmt"/>
            <line falsecount="1" truecount="5" num="383" type="cond"/>
            <line num="384" count="5" type="stmt"/>
            <line num="386" count="1" type="stmt"/>
            <line num="388" count="9" type="stmt"/>
            <line num="389" count="9" type="stmt"/>
            <line num="391" count="3" type="stmt"/>
            <line num="392" count="3" type="stmt"/>
            <line num="393" count="0" type="stmt"/>
            <line num="394" count="0" type="stmt"/>
            <line complexity="5" visibility="private" signature="consumeNonExecutePrefix() : void" num="401" count="81" type="method"/>
            <line num="403" count="81" type="stmt"/>
            <line num="404" count="79" type="stmt"/>
            <line num="406" count="79" type="stmt"/>
            <line falsecount="71" truecount="8" num="406" type="cond"/>
            <line num="407" count="8" type="stmt"/>
            <line num="410" count="71" type="stmt"/>
            <line falsecount="2" truecount="79" num="410" type="cond"/>
            <line num="411" count="79" type="stmt"/>
            <line falsecount="10" truecount="69" num="411" type="cond"/>
            <line num="412" count="69" type="stmt"/>
            <line num="417" count="2" type="stmt"/>
            <line complexity="1" visibility="private" signature="advance() : JsonToken" num="423" count="481" type="method"/>
            <line num="424" count="481" type="stmt"/>
            <line num="426" count="481" type="stmt"/>
            <line num="427" count="481" type="stmt"/>
            <line num="428" count="481" type="stmt"/>
            <line num="429" count="481" type="stmt"/>
            <line num="430" count="481" type="stmt"/>
            <line num="431" count="481" type="stmt"/>
            <line complexity="2" visibility="public" signature="nextName() : String" num="441" count="103" type="method"/>
            <line num="442" count="103" type="stmt"/>
            <line num="443" count="100" type="stmt"/>
            <line falsecount="98" truecount="2" num="443" type="cond"/>
            <line num="444" count="2" type="stmt"/>
            <line num="446" count="98" type="stmt"/>
            <line num="447" count="98" type="stmt"/>
            <line num="448" count="98" type="stmt"/>
            <line complexity="4" visibility="public" signature="nextString() : String" num="459" count="143" type="method"/>
            <line num="460" count="143" type="stmt"/>
            <line num="461" count="141" type="stmt"/>
            <line falsecount="138" truecount="3" num="461" type="cond"/>
            <line num="462" count="3" type="stmt"/>
            <line num="465" count="138" type="stmt"/>
            <line num="466" count="138" type="stmt"/>
            <line num="467" count="138" type="stmt"/>
            <line complexity="5" visibility="public" signature="nextBoolean() : boolean" num="477" count="38" type="method"/>
            <line num="478" count="38" type="stmt"/>
            <line num="479" count="33" type="stmt"/>
            <line falsecount="33" truecount="0" num="479" type="cond"/>
            <line num="480" count="0" type="stmt"/>
            <line num="483" count="33" type="stmt"/>
            <line num="484" count="33" type="stmt"/>
            <line falsecount="14" truecount="19" num="484" type="cond"/>
            <line num="485" count="19" type="stmt"/>
            <line num="486" count="14" type="stmt"/>
            <line falsecount="0" truecount="14" num="486" type="cond"/>
            <line num="487" count="14" type="stmt"/>
            <line num="489" count="0" type="stmt"/>
            <line num="492" count="33" type="stmt"/>
            <line num="493" count="33" type="stmt"/>
            <line complexity="4" visibility="public" signature="nextNull() : void" num="503" count="5" type="method"/>
            <line num="504" count="5" type="stmt"/>
            <line num="505" count="5" type="stmt"/>
            <line falsecount="4" truecount="1" num="505" type="cond"/>
            <line num="506" count="1" type="stmt"/>
            <line num="509" count="4" type="stmt"/>
            <line falsecount="4" truecount="0" num="509" type="cond"/>
            <line num="510" count="0" type="stmt"/>
            <line num="513" count="4" type="stmt"/>
            <line complexity="7" visibility="public" signature="nextDouble() : double" num="525" count="9" type="method"/>
            <line num="526" count="9" type="stmt"/>
            <line num="527" count="9" type="stmt"/>
            <line falsecount="9" truecount="0" num="527" type="cond"/>
            <line num="528" count="0" type="stmt"/>
            <line num="531" count="9" type="stmt"/>
            <line num="533" count="9" type="stmt"/>
            <line falsecount="9" truecount="0" num="533" type="cond"/>
            <line num="534" count="0" type="stmt"/>
            <line num="537" count="9" type="stmt"/>
            <line falsecount="9" truecount="0" num="537" type="cond"/>
            <line num="538" count="0" type="stmt"/>
            <line num="541" count="9" type="stmt"/>
            <line num="542" count="9" type="stmt"/>
            <line complexity="6" visibility="public" signature="nextLong() : long" num="555" count="0" type="method"/>
            <line num="556" count="0" type="stmt"/>
            <line num="557" count="0" type="stmt"/>
            <line falsecount="0" truecount="0" num="557" type="cond"/>
            <line num="558" count="0" type="stmt"/>
            <line num="561" count="0" type="stmt"/>
            <line num="562" count="0" type="stmt"/>
            <line num="563" count="0" type="stmt"/>
            <line num="565" count="0" type="stmt"/>
            <line num="566" count="0" type="stmt"/>
            <line num="567" count="0" type="stmt"/>
            <line falsecount="0" truecount="0" num="567" type="cond"/>
            <line num="568" count="0" type="stmt"/>
            <line num="572" count="0" type="stmt"/>
            <line falsecount="0" truecount="0" num="572" type="cond"/>
            <line num="573" count="0" type="stmt"/>
            <line num="576" count="0" type="stmt"/>
            <line num="577" count="0" type="stmt"/>
            <line complexity="6" visibility="public" signature="nextInt() : int" num="590" count="0" type="method"/>
            <line num="591" count="0" type="stmt"/>
            <line num="592" count="0" type="stmt"/>
            <line falsecount="0" truecount="0" num="592" type="cond"/>
            <line num="593" count="0" type="stmt"/>
            <line num="596" count="0" type="stmt"/>
            <line num="597" count="0" type="stmt"/>
            <line num="598" count="0" type="stmt"/>
            <line num="600" count="0" type="stmt"/>
            <line num="601" count="0" type="stmt"/>
            <line num="602" count="0" type="stmt"/>
            <line falsecount="0" truecount="0" num="602" type="cond"/>
            <line num="603" count="0" type="stmt"/>
            <line num="607" count="0" type="stmt"/>
            <line falsecount="0" truecount="0" num="607" type="cond"/>
            <line num="608" count="0" type="stmt"/>
            <line num="611" count="0" type="stmt"/>
            <line num="612" count="0" type="stmt"/>
            <line complexity="1" visibility="public" signature="close() : void" num="618" count="4" type="method"/>
            <line num="619" count="4" type="stmt"/>
            <line num="620" count="4" type="stmt"/>
            <line num="621" count="4" type="stmt"/>
            <line num="622" count="4" type="stmt"/>
            <line num="623" count="4" type="stmt"/>
            <line num="624" count="4" type="stmt"/>
            <line complexity="6" visibility="public" signature="skipValue() : void" num="632" count="2" type="method"/>
            <line num="633" count="2" type="stmt"/>
            <line num="634" count="2" type="stmt"/>
            <line num="635" count="2" type="stmt"/>
            <line num="636" count="2" type="stmt"/>
            <line num="637" count="13" type="stmt"/>
            <line num="638" count="13" type="stmt"/>
            <line falsecount="9" truecount="4" num="638" type="cond"/>
            <line num="639" count="4" type="stmt"/>
            <line num="640" count="9" type="stmt"/>
            <line falsecount="5" truecount="4" num="640" type="cond"/>
            <line num="641" count="4" type="stmt"/>
            <line falsecount="2" truecount="11" num="643" type="cond"/>
            <line num="645" count="2" type="stmt"/>
            <line complexity="1" visibility="private" signature="peekStack() : JsonScope" num="649" count="510" type="method"/>
            <line num="650" count="510" type="stmt"/>
            <line complexity="1" visibility="private" signature="pop() : JsonScope" num="653" count="85" type="method"/>
            <line num="654" count="85" type="stmt"/>
            <line complexity="1" visibility="private" signature="push(JsonScope) : void" num="657" count="213" type="method"/>
            <line num="658" count="213" type="stmt"/>
            <line complexity="1" visibility="private" signature="replaceTop(JsonScope) : void" num="664" count="349" type="method"/>
            <line num="665" count="349" type="stmt"/>
            <line complexity="9" visibility="private" signature="nextInArray(boolean) : JsonToken" num="668" count="143" type="method"/>
            <line num="669" count="143" type="stmt"/>
            <line falsecount="91" truecount="52" num="669" type="cond"/>
            <line num="670" count="52" type="stmt"/>
            <line num="673" count="91" type="stmt"/>
            <line num="674" count="35" type="stmt"/>
            <line num="675" count="35" type="stmt"/>
            <line num="676" count="35" type="stmt"/>
            <line num="677" count="35" type="stmt"/>
            <line num="678" count="1" type="stmt"/>
            <line num="679" count="1" type="stmt"/>
            <line num="680" count="55" type="stmt"/>
            <line num="681" count="56" type="stmt"/>
            <line num="682" count="0" type="stmt"/>
            <line num="683" count="0" type="stmt"/>
            <line num="687" count="108" type="stmt"/>
            <line num="688" count="5" type="stmt"/>
            <line num="689" count="5" type="stmt"/>
            <line falsecount="0" truecount="5" num="689" type="cond"/>
            <line num="690" count="5" type="stmt"/>
            <line num="691" count="5" type="stmt"/>
            <line num="692" count="5" type="stmt"/>
            <line num="695" count="0" type="stmt"/>
            <line num="696" count="0" type="stmt"/>
            <line num="698" count="0" type="stmt"/>
            <line num="699" count="0" type="stmt"/>
            <line num="700" count="0" type="stmt"/>
            <line num="701" count="0" type="stmt"/>
            <line num="702" count="0" type="stmt"/>
            <line num="703" count="103" type="stmt"/>
            <line num="704" count="103" type="stmt"/>
            <line num="705" count="103" type="stmt"/>
            <line complexity="9" visibility="private" signature="nextInObject(boolean) : JsonToken" num="709" count="148" type="method"/>
            <line num="715" count="148" type="stmt"/>
            <line falsecount="92" truecount="56" num="715" type="cond"/>
            <line num="717" count="56" type="stmt"/>
            <line num="718" count="4" type="stmt"/>
            <line num="719" count="4" type="stmt"/>
            <line num="720" count="4" type="stmt"/>
            <line num="721" count="4" type="stmt"/>
            <line num="722" count="52" type="stmt"/>
            <line num="723" count="52" type="stmt"/>
            <line num="726" count="92" type="stmt"/>
            <line num="727" count="41" type="stmt"/>
            <line num="728" count="41" type="stmt"/>
            <line num="729" count="41" type="stmt"/>
            <line num="730" count="41" type="stmt"/>
            <line num="731" count="1" type="stmt"/>
            <line num="732" count="50" type="stmt"/>
            <line num="733" count="51" type="stmt"/>
            <line num="734" count="0" type="stmt"/>
            <line num="735" count="0" type="stmt"/>
            <line num="740" count="103" type="stmt"/>
            <line num="741" count="102" type="stmt"/>
            <line num="742" count="1" type="stmt"/>
            <line num="743" count="1" type="stmt"/>
            <line num="744" count="94" type="stmt"/>
            <line num="745" count="94" type="stmt"/>
            <line num="746" count="94" type="stmt"/>
            <line num="747" count="7" type="stmt"/>
            <line num="748" count="7" type="stmt"/>
            <line num="749" count="7" type="stmt"/>
            <line num="750" count="7" type="stmt"/>
            <line num="751" count="7" type="stmt"/>
            <line falsecount="7" truecount="0" num="751" type="cond"/>
            <line num="752" count="0" type="stmt"/>
            <line num="756" count="101" type="stmt"/>
            <line num="757" count="101" type="stmt"/>
            <line num="758" count="101" type="stmt"/>
            <line complexity="6" visibility="private" signature="objectValue() : JsonToken" num="761" count="99" type="method"/>
            <line num="766" count="99" type="stmt"/>
            <line num="767" count="93" type="stmt"/>
            <line num="768" count="93" type="stmt"/>
            <line num="769" count="5" type="stmt"/>
            <line num="770" count="5" type="stmt"/>
            <line num="771" count="3" type="stmt"/>
            <line falsecount="2" truecount="1" num="771" type="cond"/>
            <line num="772" count="1" type="stmt"/>
            <line num="774" count="3" type="stmt"/>
            <line num="775" count="1" type="stmt"/>
            <line num="776" count="1" type="stmt"/>
            <line num="779" count="96" type="stmt"/>
            <line num="780" count="96" type="stmt"/>
            <line complexity="5" visibility="private" signature="nextValue() : JsonToken" num="783" count="314" type="method"/>
            <line num="784" count="314" type="stmt"/>
            <line num="785" count="305" type="stmt"/>
            <line num="786" count="57" type="stmt"/>
            <line num="787" count="57" type="stmt"/>
            <line num="788" count="57" type="stmt"/>
            <line num="789" count="57" type="stmt"/>
            <line num="791" count="53" type="stmt"/>
            <line num="792" count="53" type="stmt"/>
            <line num="793" count="53" type="stmt"/>
            <line num="794" count="53" type="stmt"/>
            <line num="796" count="11" type="stmt"/>
            <line num="797" count="11" type="stmt"/>
            <line num="798" count="41" type="stmt"/>
            <line num="799" count="51" type="stmt"/>
            <line num="800" count="51" type="stmt"/>
            <line num="801" count="51" type="stmt"/>
            <line num="803" count="143" type="stmt"/>
            <line num="804" count="143" type="stmt"/>
            <line num="805" count="143" type="stmt"/>
            <line complexity="4" visibility="private" signature="fillBuffer(int) : boolean" num="814" count="128" type="method"/>
            <line num="815" count="128" type="stmt"/>
            <line falsecount="120" truecount="8" num="815" type="cond"/>
            <line num="816" count="8" type="stmt"/>
            <line num="817" count="8" type="stmt"/>
            <line num="819" count="120" type="stmt"/>
            <line num="822" count="128" type="stmt"/>
            <line num="823" count="128" type="stmt"/>
            <line num="824" count="128" type="stmt"/>
            <line falsecount="0" truecount="0" num="824" type="cond"/>
            <line num="825" count="101" type="stmt"/>
            <line num="826" count="101" type="stmt"/>
            <line falsecount="0" truecount="101" num="826" type="cond"/>
            <line num="827" count="101" type="stmt"/>
            <line num="830" count="27" type="stmt"/>
            <line complexity="14" visibility="private" signature="nextNonWhitespace() : int" num="833" count="944" type="method"/>
            <line num="834" count="944" type="stmt"/>
            <line falsecount="12" truecount="1007" num="834" type="cond"/>
            <line num="835" count="1007" type="stmt"/>
            <line num="836" count="1007" type="stmt"/>
            <line num="837" count="1" type="stmt"/>
            <line num="838" count="59" type="stmt"/>
            <line num="839" count="11" type="stmt"/>
            <line num="840" count="1" type="stmt"/>
            <line num="841" count="72" type="stmt"/>
            <line num="843" count="2" type="stmt"/>
            <line num="844" count="2" type="stmt"/>
            <line falsecount="2" truecount="0" num="844" type="cond"/>
            <line num="845" count="0" type="stmt"/>
            <line num="848" count="2" type="stmt"/>
            <line num="849" count="2" type="stmt"/>
            <line num="850" count="2" type="stmt"/>
            <line num="851" count="1" type="stmt"/>
            <line num="853" count="1" type="stmt"/>
            <line num="854" count="1" type="stmt"/>
            <line falsecount="1" truecount="0" num="854" type="cond"/>
            <line num="855" count="0" type="stmt"/>
            <line num="857" count="1" type="stmt"/>
            <line num="858" count="1" type="stmt"/>
            <line num="860" count="1" type="stmt"/>
            <line num="862" count="1" type="stmt"/>
            <line num="863" count="1" type="stmt"/>
            <line num="864" count="1" type="stmt"/>
            <line num="866" count="0" type="stmt"/>
            <line num="867" count="0" type="stmt"/>
            <line num="870" count="1" type="stmt"/>
            <line num="876" count="1" type="stmt"/>
            <line num="877" count="1" type="stmt"/>
            <line num="878" count="1" type="stmt"/>
            <line num="880" count="932" type="stmt"/>
            <line num="881" count="932" type="stmt"/>
            <line num="884" count="12" type="stmt"/>
            <line complexity="2" visibility="private" signature="checkLenient() : void" num="887" count="34" type="method"/>
            <line num="888" count="34" type="stmt"/>
            <line falsecount="29" truecount="5" num="888" type="cond"/>
            <line num="889" count="5" type="stmt"/>
            <line complexity="5" visibility="private" signature="skipToEndOfLine() : void" num="898" count="2" type="method"/>
            <line num="899" count="2" type="stmt"/>
            <line falsecount="0" truecount="20" num="899" type="cond"/>
            <line num="900" count="20" type="stmt"/>
            <line num="901" count="20" type="stmt"/>
            <line falsecount="18" truecount="2" num="901" type="cond"/>
            <line num="902" count="2" type="stmt"/>
            <line complexity="5" visibility="private" signature="skipTo(String) : boolean" num="907" count="1" type="method"/>
            <line num="908" count="1" type="stmt"/>
            <line falsecount="0" truecount="10" num="909" type="cond"/>
            <line num="910" count="10" type="stmt"/>
            <line falsecount="1" truecount="11" num="910" type="cond"/>
            <line num="911" count="11" type="stmt"/>
            <line falsecount="2" truecount="9" num="911" type="cond"/>
            <line num="912" count="9" type="stmt"/>
            <line num="915" count="1" type="stmt"/>
            <line num="917" count="0" type="stmt"/>
            <line complexity="9" visibility="private" signature="nextString(char) : String" num="930" count="145" type="method"/>
            <line num="931" count="145" type="stmt"/>
            <line num="932" count="145" type="stmt"/>
            <line num="934" count="145" type="stmt"/>
            <line num="935" count="145" type="stmt"/>
            <line falsecount="0" truecount="1218" num="935" type="cond"/>
            <line num="936" count="1218" type="stmt"/>
            <line num="938" count="1218" type="stmt"/>
            <line falsecount="1073" truecount="145" num="938" type="cond"/>
            <line num="939" count="145" type="stmt"/>
            <line falsecount="142" truecount="3" num="939" type="cond"/>
            <line num="940" count="3" type="stmt"/>
            <line num="941" count="142" type="stmt"/>
            <line falsecount="4" truecount="138" num="941" type="cond"/>
            <line num="942" count="138" type="stmt"/>
            <line num="944" count="4" type="stmt"/>
            <line num="945" count="4" type="stmt"/>
            <line num="948" count="1073" type="stmt"/>
            <line falsecount="1062" truecount="11" num="948" type="cond"/>
            <line num="949" count="11" type="stmt"/>
            <line falsecount="7" truecount="4" num="949" type="cond"/>
            <line num="950" count="4" type="stmt"/>
            <line num="952" count="11" type="stmt"/>
            <line num="953" count="11" type="stmt"/>
            <line num="954" count="11" type="stmt"/>
            <line num="958" count="0" type="stmt"/>
            <line falsecount="0" truecount="0" num="958" type="cond"/>
            <line num="959" count="0" type="stmt"/>
            <line num="961" count="0" type="stmt"/>
            <line falsecount="0" truecount="0" num="962" type="cond"/>
            <line num="964" count="0" type="stmt"/>
            <line complexity="22" visibility="private" signature="nextLiteral() : String" num="971" count="150" type="method"/>
            <line num="972" count="150" type="stmt"/>
            <line num="973" count="150" type="stmt"/>
            <line num="975" count="150" type="stmt"/>
            <line num="976" count="150" type="stmt"/>
            <line falsecount="7" truecount="762" num="976" type="cond"/>
            <line num="977" count="762" type="stmt"/>
            <line num="978" count="762" type="stmt"/>
            <line num="979" count="0" type="stmt"/>
            <line num="980" count="0" type="stmt"/>
            <line num="981" count="3" type="stmt"/>
            <line num="982" count="0" type="stmt"/>
            <line num="983" count="0" type="stmt"/>
            <line num="984" count="3" type="stmt"/>
            <line num="986" count="0" type="stmt"/>
            <line num="987" count="19" type="stmt"/>
            <line num="988" count="0" type="stmt"/>
            <line num="989" count="29" type="stmt"/>
            <line num="990" count="6" type="stmt"/>
            <line num="991" count="83" type="stmt"/>
            <line num="992" count="1" type="stmt"/>
            <line num="993" count="0" type="stmt"/>
            <line num="994" count="0" type="stmt"/>
            <line num="995" count="0" type="stmt"/>
            <line num="996" count="2" type="stmt"/>
            <line num="997" count="142" type="stmt"/>
            <line num="998" count="142" type="stmt"/>
            <line falsecount="140" truecount="2" num="998" type="cond"/>
            <line num="999" count="2" type="stmt"/>
            <line num="1000" count="140" type="stmt"/>
            <line falsecount="0" truecount="140" num="1000" type="cond"/>
            <line num="1001" count="140" type="stmt"/>
            <line num="1003" count="0" type="stmt"/>
            <line num="1004" count="0" type="stmt"/>
            <line num="1009" count="7" type="stmt"/>
            <line falsecount="0" truecount="7" num="1009" type="cond"/>
            <line num="1010" count="7" type="stmt"/>
            <line num="1012" count="7" type="stmt"/>
            <line falsecount="7" truecount="0" num="1013" type="cond"/>
            <line num="1015" count="7" type="stmt"/>
            <line complexity="1" visibility="public" signature="toString() : String" num="1018" count="0" type="method"/>
            <line num="1019" count="0" type="stmt"/>
            <line complexity="14" visibility="private" signature="readEscapeCharacter() : char" num="1031" count="11" type="method"/>
            <line num="1032" count="11" type="stmt"/>
            <line falsecount="11" truecount="0" num="1032" type="cond"/>
            <line num="1033" count="0" type="stmt"/>
            <line num="1036" count="11" type="stmt"/>
            <line num="1037" count="11" type="stmt"/>
            <line num="1038" count="6" type="stmt"/>
            <line num="1039" count="6" type="stmt"/>
            <line falsecount="6" truecount="0" num="1039" type="cond"/>
            <line num="1040" count="0" type="stmt"/>
            <line num="1042" count="6" type="stmt"/>
            <line num="1043" count="6" type="stmt"/>
            <line num="1044" count="6" type="stmt"/>
            <line num="1046" count="0" type="stmt"/>
            <line num="1047" count="0" type="stmt"/>
            <line num="1049" count="0" type="stmt"/>
            <line num="1050" count="0" type="stmt"/>
            <line num="1052" count="1" type="stmt"/>
            <line num="1053" count="1" type="stmt"/>
            <line num="1055" count="0" type="stmt"/>
            <line num="1056" count="0" type="stmt"/>
            <line num="1058" count="0" type="stmt"/>
            <line num="1059" count="0" type="stmt"/>
            <line num="1061" count="0" type="stmt"/>
            <line num="1062" count="1" type="stmt"/>
            <line num="1063" count="0" type="stmt"/>
            <line num="1064" count="3" type="stmt"/>
            <line num="1065" count="4" type="stmt"/>
            <line complexity="2" visibility="private" signature="readLiteral() : JsonToken" num="1072" count="143" type="method"/>
            <line num="1073" count="143" type="stmt"/>
            <line num="1074" count="142" type="stmt"/>
            <line falsecount="141" truecount="1" num="1074" type="cond"/>
            <line num="1075" count="1" type="stmt"/>
            <line num="1077" count="141" type="stmt"/>
            <line num="1078" count="141" type="stmt"/>
            <line num="1079" count="141" type="stmt"/>
            <line complexity="5" visibility="private" signature="decodeLiteral() : void" num="1085" count="112" type="method"/>
            <line num="1086" count="112" type="stmt"/>
            <line falsecount="109" truecount="3" num="1086" type="cond"/>
            <line num="1087" count="3" type="stmt"/>
            <line num="1088" count="109" type="stmt"/>
            <line falsecount="89" truecount="20" num="1088" type="cond"/>
            <line num="1089" count="20" type="stmt"/>
            <line num="1091" count="89" type="stmt"/>
            <line num="1092" count="89" type="stmt"/>
            <line num="1093" count="86" type="stmt"/>
            <line num="1096" count="3" type="stmt"/>
            <line num="1097" count="3" type="stmt"/>
            <line complexity="1" visibility="private" signature="syntaxError(String) : IOException" num="1106" count="10" type="method"/>
            <line num="1107" count="10" type="stmt"/>
            <line complexity="1" visibility="private" signature="getSnippet() : CharSequence" num="1110" count="10" type="method"/>
            <line num="1111" count="10" type="stmt"/>
            <line num="1112" count="10" type="stmt"/>
            <line num="1113" count="10" type="stmt"/>
            <line num="1114" count="10" type="stmt"/>
            <line num="1115" count="10" type="stmt"/>
            <line num="1116" count="10" type="stmt"/>
         </file>
         <file path="/home/sepehr/masters/test_generation/model_generated_coverage/Gson1f_train_1/gson/src/main/java/com/google/gson/stream/JsonScope.java" name="JsonScope.java">
            <metrics coveredelements="0" coveredconditionals="0" complexity="0" loc="71" coveredmethods="0" methods="0" elements="0" classes="1" ncloc="11" statements="0" conditionals="0" coveredstatements="0"/>
            <class name="JsonScope">
               <metrics coveredelements="0" coveredconditionals="0" complexity="0" coveredmethods="0" methods="0" elements="0" statements="0" conditionals="0" coveredstatements="0"/>
            </class>
         </file>
         <file path="/home/sepehr/masters/test_generation/model_generated_coverage/Gson1f_train_1/gson/src/main/java/com/google/gson/stream/JsonToken.java" name="JsonToken.java">
            <metrics coveredelements="0" coveredconditionals="0" complexity="0" loc="85" coveredmethods="0" methods="0" elements="0" classes="1" ncloc="13" statements="0" conditionals="0" coveredstatements="0"/>
            <class name="JsonToken">
               <metrics coveredelements="0" coveredconditionals="0" complexity="0" coveredmethods="0" methods="0" elements="0" statements="0" conditionals="0" coveredstatements="0"/>
            </class>
         </file>
         <file path="/home/sepehr/masters/test_generation/model_generated_coverage/Gson1f_train_1/gson/src/main/java/com/google/gson/stream/JsonWriter.java" name="JsonWriter.java">
            <metrics coveredelements="195" coveredconditionals="34" complexity="70" loc="553" coveredmethods="27" methods="28" elements="206" classes="1" ncloc="236" statements="140" conditionals="38" coveredstatements="134"/>
            <class name="JsonWriter">
               <metrics coveredelements="195" coveredconditionals="34" complexity="70" coveredmethods="27" methods="28" elements="206" statements="140" conditionals="38" coveredstatements="134"/>
            </class>
            <line complexity="1" visibility="package" signature="&lt;init&gt;, line 129()" num="129" count="79" type="method"/>
            <line num="130" count="79" type="stmt"/>
            <line complexity="2" visibility="public" signature="JsonWriter(Writer)" num="153" count="79" type="method"/>
            <line num="154" count="79" type="stmt"/>
            <line falsecount="79" truecount="0" num="154" type="cond"/>
            <line num="155" count="0" type="stmt"/>
            <line num="157" count="79" type="stmt"/>
            <line complexity="2" visibility="public" signature="setIndent(String) : void" num="168" count="1" type="method"/>
            <line num="169" count="1" type="stmt"/>
            <line falsecount="1" truecount="0" num="169" type="cond"/>
            <line num="170" count="0" type="stmt"/>
            <line num="171" count="0" type="stmt"/>
            <line num="173" count="1" type="stmt"/>
            <line num="174" count="1" type="stmt"/>
            <line complexity="1" visibility="public" signature="setLenient(boolean) : void" num="190" count="128" type="method"/>
            <line num="191" count="128" type="stmt"/>
            <line complexity="1" visibility="public" signature="isLenient() : boolean" num="197" count="64" type="method"/>
            <line num="198" count="64" type="stmt"/>
            <line complexity="1" visibility="public" signature="setHtmlSafe(boolean) : void" num="208" count="128" type="method"/>
            <line num="209" count="128" type="stmt"/>
            <line complexity="1" visibility="public" signature="isHtmlSafe() : boolean" num="216" count="64" type="method"/>
            <line num="217" count="64" type="stmt"/>
            <line complexity="1" visibility="public" signature="beginArray() : JsonWriter" num="226" count="34" type="method"/>
            <line num="227" count="34" type="stmt"/>
            <line complexity="1" visibility="public" signature="endArray() : JsonWriter" num="235" count="29" type="method"/>
            <line num="236" count="29" type="stmt"/>
            <line complexity="1" visibility="public" signature="beginObject() : JsonWriter" num="245" count="47" type="method"/>
            <line num="246" count="47" type="stmt"/>
            <line complexity="1" visibility="public" signature="endObject() : JsonWriter" num="254" count="45" type="method"/>
            <line num="255" count="45" type="stmt"/>
            <line complexity="1" visibility="private" signature="open(JsonScope,String) : JsonWriter" num="262" count="81" type="method"/>
            <line num="263" count="81" type="stmt"/>
            <line num="264" count="80" type="stmt"/>
            <line num="265" count="80" type="stmt"/>
            <line num="266" count="80" type="stmt"/>
            <line complexity="4" visibility="private" signature="close(JsonScope,JsonScope,String) : JsonWriter" num="273" count="74" type="method"/>
            <line num="275" count="74" type="stmt"/>
            <line num="276" count="74" type="stmt"/>
            <line falsecount="73" truecount="1" num="276" type="cond"/>
            <line num="277" count="1" type="stmt"/>
            <line num="280" count="73" type="stmt"/>
            <line num="281" count="73" type="stmt"/>
            <line falsecount="6" truecount="67" num="281" type="cond"/>
            <line num="282" count="67" type="stmt"/>
            <line num="284" count="73" type="stmt"/>
            <line num="285" count="73" type="stmt"/>
            <line complexity="1" visibility="private" signature="peek() : JsonScope" num="291" count="436" type="method"/>
            <line num="292" count="436" type="stmt"/>
            <line complexity="1" visibility="private" signature="replaceTop(JsonScope) : void" num="298" count="281" type="method"/>
            <line num="299" count="281" type="stmt"/>
            <line complexity="2" visibility="public" signature="name(String) : JsonWriter" num="308" count="91" type="method"/>
            <line num="309" count="91" type="stmt"/>
            <line falsecount="90" truecount="1" num="309" type="cond"/>
            <line num="310" count="1" type="stmt"/>
            <line num="312" count="90" type="stmt"/>
            <line num="313" count="89" type="stmt"/>
            <line num="314" count="89" type="stmt"/>
            <line complexity="2" visibility="public" signature="value(String) : JsonWriter" num="323" count="77" type="method"/>
            <line num="324" count="77" type="stmt"/>
            <line falsecount="76" truecount="1" num="324" type="cond"/>
            <line num="325" count="1" type="stmt"/>
            <line num="327" count="76" type="stmt"/>
            <line num="328" count="75" type="stmt"/>
            <line num="329" count="75" type="stmt"/>
            <line complexity="1" visibility="public" signature="nullValue() : JsonWriter" num="337" count="11" type="method"/>
            <line num="338" count="11" type="stmt"/>
            <line num="339" count="11" type="stmt"/>
            <line num="340" count="11" type="stmt"/>
            <line complexity="2" visibility="public" signature="value(boolean) : JsonWriter" num="348" count="15" type="method"/>
            <line num="349" count="15" type="stmt"/>
            <line num="350" count="14" type="stmt"/>
            <line falsecount="9" truecount="5" num="350" type="cond"/>
            <line num="351" count="14" type="stmt"/>
            <line complexity="3" visibility="public" signature="value(double) : JsonWriter" num="361" count="17" type="method"/>
            <line num="362" count="17" type="stmt"/>
            <line falsecount="14" truecount="3" num="362" type="cond"/>
            <line num="363" count="3" type="stmt"/>
            <line num="365" count="14" type="stmt"/>
            <line num="366" count="14" type="stmt"/>
            <line num="367" count="14" type="stmt"/>
            <line complexity="1" visibility="public" signature="value(long) : JsonWriter" num="375" count="2" type="method"/>
            <line num="376" count="2" type="stmt"/>
            <line num="377" count="2" type="stmt"/>
            <line num="378" count="2" type="stmt"/>
            <line complexity="6" visibility="public" signature="value(Number) : JsonWriter" num="388" count="75" type="method"/>
            <line num="389" count="75" type="stmt"/>
            <line falsecount="75" truecount="0" num="389" type="cond"/>
            <line num="390" count="0" type="stmt"/>
            <line num="393" count="75" type="stmt"/>
            <line num="394" count="75" type="stmt"/>
            <line falsecount="72" truecount="3" num="394" type="cond"/>
            <line num="396" count="3" type="stmt"/>
            <line num="398" count="72" type="stmt"/>
            <line num="399" count="72" type="stmt"/>
            <line num="400" count="72" type="stmt"/>
            <line complexity="1" visibility="public" signature="flush() : void" num="407" count="0" type="method"/>
            <line num="408" count="0" type="stmt"/>
            <line complexity="2" visibility="public" signature="close() : void" num="416" count="1" type="method"/>
            <line num="417" count="1" type="stmt"/>
            <line num="419" count="1" type="stmt"/>
            <line falsecount="1" truecount="0" num="419" type="cond"/>
            <line num="420" count="0" type="stmt"/>
            <line complexity="16" visibility="private" signature="string(String) : void" num="424" count="164" type="method"/>
            <line num="425" count="164" type="stmt"/>
            <line num="426" count="164" type="stmt"/>
            <line falsecount="164" truecount="1025" num="426" type="cond"/>
            <line num="427" count="1025" type="stmt"/>
            <line num="435" count="1025" type="stmt"/>
            <line num="436" count="3" type="stmt"/>
            <line num="437" count="1" type="stmt"/>
            <line num="438" count="4" type="stmt"/>
            <line num="439" count="4" type="stmt"/>
            <line num="440" count="4" type="stmt"/>
            <line num="442" count="1" type="stmt"/>
            <line num="443" count="1" type="stmt"/>
            <line num="444" count="1" type="stmt"/>
            <line num="446" count="1" type="stmt"/>
            <line num="447" count="1" type="stmt"/>
            <line num="448" count="1" type="stmt"/>
            <line num="450" count="2" type="stmt"/>
            <line num="451" count="2" type="stmt"/>
            <line num="452" count="2" type="stmt"/>
            <line num="454" count="1" type="stmt"/>
            <line num="455" count="1" type="stmt"/>
            <line num="456" count="1" type="stmt"/>
            <line num="458" count="1" type="stmt"/>
            <line num="459" count="1" type="stmt"/>
            <line num="460" count="1" type="stmt"/>
            <line num="462" count="7" type="stmt"/>
            <line num="463" count="7" type="stmt"/>
            <line num="464" count="2" type="stmt"/>
            <line num="465" count="4" type="stmt"/>
            <line num="466" count="3" type="stmt"/>
            <line num="467" count="23" type="stmt"/>
            <line falsecount="10" truecount="13" num="467" type="cond"/>
            <line num="468" count="13" type="stmt"/>
            <line num="470" count="10" type="stmt"/>
            <line num="472" count="23" type="stmt"/>
            <line num="474" count="992" type="stmt"/>
            <line num="475" count="992" type="stmt"/>
            <line falsecount="990" truecount="2" num="475" type="cond"/>
            <line num="476" count="2" type="stmt"/>
            <line num="478" count="990" type="stmt"/>
            <line num="480" count="992" type="stmt"/>
            <line num="483" count="164" type="stmt"/>
            <line complexity="3" visibility="private" signature="newline() : void" num="486" count="260" type="method"/>
            <line num="487" count="260" type="stmt"/>
            <line falsecount="13" truecount="247" num="487" type="cond"/>
            <line num="488" count="247" type="stmt"/>
            <line num="491" count="13" type="stmt"/>
            <line num="492" count="13" type="stmt"/>
            <line falsecount="13" truecount="16" num="492" type="cond"/>
            <line num="493" count="16" type="stmt"/>
            <line complexity="3" visibility="private" signature="beforeName() : void" num="501" count="90" type="method"/>
            <line num="502" count="90" type="stmt"/>
            <line num="503" count="90" type="stmt"/>
            <line falsecount="42" truecount="48" num="503" type="cond"/>
            <line num="504" count="48" type="stmt"/>
            <line num="505" count="42" type="stmt"/>
            <line falsecount="41" truecount="1" num="505" type="cond"/>
            <line num="506" count="1" type="stmt"/>
            <line num="508" count="89" type="stmt"/>
            <line num="509" count="89" type="stmt"/>
            <line complexity="8" visibility="private" signature="beforeValue(boolean) : void" num="520" count="271" type="method"/>
            <line num="521" count="271" type="stmt"/>
            <line num="522" count="77" type="stmt"/>
            <line num="523" count="77" type="stmt"/>
            <line falsecount="76" truecount="1" num="523" type="cond"/>
            <line num="524" count="1" type="stmt"/>
            <line num="527" count="76" type="stmt"/>
            <line num="528" count="76" type="stmt"/>
            <line num="530" count="28" type="stmt"/>
            <line num="531" count="28" type="stmt"/>
            <line num="532" count="28" type="stmt"/>
            <line num="533" count="28" type="stmt"/>
            <line num="535" count="76" type="stmt"/>
            <line num="536" count="76" type="stmt"/>
            <line num="537" count="76" type="stmt"/>
            <line num="538" count="76" type="stmt"/>
            <line num="540" count="88" type="stmt"/>
            <line num="541" count="88" type="stmt"/>
            <line num="542" count="88" type="stmt"/>
            <line num="543" count="88" type="stmt"/>
            <line num="545" count="1" type="stmt"/>
            <line num="546" count="1" type="stmt"/>
            <line num="549" count="1" type="stmt"/>
            <line num="550" count="1" type="stmt"/>
         </file>
         <file path="/home/sepehr/masters/test_generation/model_generated_coverage/Gson1f_train_1/gson/src/main/java/com/google/gson/stream/MalformedJsonException.java" name="MalformedJsonException.java">
            <metrics coveredelements="2" coveredconditionals="0" complexity="1" loc="29" coveredmethods="1" methods="1" elements="2" classes="1" ncloc="7" statements="1" conditionals="0" coveredstatements="1"/>
            <class name="MalformedJsonException">
               <metrics coveredelements="2" coveredconditionals="0" complexity="1" coveredmethods="1" methods="1" elements="2" statements="1" conditionals="0" coveredstatements="1"/>
            </class>
            <line complexity="1" visibility="public" signature="MalformedJsonException(String)" num="26" count="10" type="method"/>
            <line num="27" count="10" type="stmt"/>
         </file>
      </package>
      <package name="com.google.gson">
         <metrics coveredelements="2105" complexity="924" loc="9077" methods="526" classes="117" statements="1774" coveredconditionals="388" coveredmethods="389" elements="2920" ncloc="4284" files="80" conditionals="620" coveredstatements="1328"/>
         <file path="/home/sepehr/masters/test_generation/model_generated_coverage/Gson1f_train_1/gson/src/main/java/com/google/gson/AnonymousAndLocalClassExclusionStrategy.java" name="AnonymousAndLocalClassExclusionStrategy.java">
            <metrics coveredelements="6" coveredconditionals="0" complexity="3" loc="39" coveredmethods="3" methods="3" elements="6" classes="1" ncloc="13" statements="3" conditionals="0" coveredstatements="3"/>
            <class name="AnonymousAndLocalClassExclusionStrategy">
               <metrics coveredelements="6" coveredconditionals="0" complexity="3" coveredmethods="3" methods="3" elements="6" statements="3" conditionals="0" coveredstatements="3"/>
            </class>
            <line complexity="1" visibility="public" signature="shouldSkipField(FieldAttributes) : boolean" num="27" count="201" type="method"/>
            <line num="28" count="201" type="stmt"/>
            <line complexity="1" visibility="public" signature="shouldSkipClass(Class&lt;?&gt;) : boolean" num="31" count="443" type="method"/>
            <line num="32" count="443" type="stmt"/>
            <line complexity="1" visibility="private" signature="isAnonymousOrLocal(Class&lt;?&gt;) : boolean" num="35" count="644" type="method"/>
            <line num="36" count="644" type="stmt"/>
         </file>
         <file path="/home/sepehr/masters/test_generation/model_generated_coverage/Gson1f_train_1/gson/src/main/java/com/google/gson/Cache.java" name="Cache.java">
            <metrics coveredelements="0" coveredconditionals="0" complexity="0" loc="61" coveredmethods="0" methods="0" elements="0" classes="1" ncloc="8" statements="0" conditionals="0" coveredstatements="0"/>
            <class name="Cache">
               <metrics coveredelements="0" coveredconditionals="0" complexity="0" coveredmethods="0" methods="0" elements="0" statements="0" conditionals="0" coveredstatements="0"/>
            </class>
         </file>
         <file path="/home/sepehr/masters/test_generation/model_generated_coverage/Gson1f_train_1/gson/src/main/java/com/google/gson/CamelCaseSeparatorNamingPolicy.java" name="CamelCaseSeparatorNamingPolicy.java">
            <metrics coveredelements="16" coveredconditionals="4" complexity="5" loc="73" coveredmethods="2" methods="2" elements="16" classes="1" ncloc="25" statements="10" conditionals="4" coveredstatements="10"/>
            <class name="CamelCaseSeparatorNamingPolicy">
               <metrics coveredelements="16" coveredconditionals="4" complexity="5" coveredmethods="2" methods="2" elements="16" statements="10" conditionals="4" coveredstatements="10"/>
            </class>
            <line complexity="1" visibility="public" signature="CamelCaseSeparatorNamingPolicy(String)" num="53" count="6" type="method"/>
            <line num="54" count="6" type="stmt"/>
            <line num="55" count="6" type="stmt"/>
            <line num="56" count="6" type="stmt"/>
            <line complexity="4" visibility="protected" signature="translateName(String,Type,Collection&lt;Annotation&gt;) : String" num="59" count="3" type="method"/>
            <line num="62" count="3" type="stmt"/>
            <line num="63" count="3" type="stmt"/>
            <line falsecount="3" truecount="56" num="63" type="cond"/>
            <line num="64" count="56" type="stmt"/>
            <line num="65" count="56" type="stmt"/>
            <line falsecount="47" truecount="9" num="65" type="cond"/>
            <line num="66" count="9" type="stmt"/>
            <line num="68" count="56" type="stmt"/>
            <line num="71" count="3" type="stmt"/>
         </file>
         <file path="/home/sepehr/masters/test_generation/model_generated_coverage/Gson1f_train_1/gson/src/main/java/com/google/gson/CircularReferenceException.java" name="CircularReferenceException.java">
            <metrics coveredelements="13" coveredconditionals="3" complexity="4" loc="45" coveredmethods="2" methods="2" elements="14" classes="1" ncloc="19" statements="8" conditionals="4" coveredstatements="8"/>
            <class name="CircularReferenceException">
               <metrics coveredelements="13" coveredconditionals="3" complexity="4" coveredmethods="2" methods="2" elements="14" statements="8" conditionals="4" coveredstatements="8"/>
            </class>
            <line complexity="1" visibility="package" signature="CircularReferenceException(Object)" num="30" count="4" type="method"/>
            <line num="31" count="4" type="stmt"/>
            <line num="32" count="4" type="stmt"/>
            <line complexity="3" visibility="public" signature="createDetailedException(FieldAttributes) : IllegalStateException" num="35" count="4" type="method"/>
            <line num="36" count="4" type="stmt"/>
            <line num="37" count="4" type="stmt"/>
            <line falsecount="1" truecount="3" num="37" type="cond"/>
            <line num="38" count="3" type="stmt"/>
            <line num="40" count="4" type="stmt"/>
            <line falsecount="0" truecount="4" num="40" type="cond"/>
            <line num="41" count="4" type="stmt"/>
            <line num="43" count="4" type="stmt"/>
         </file>
         <file path="/home/sepehr/masters/test_generation/model_generated_coverage/Gson1f_train_1/gson/src/main/java/com/google/gson/CompositionFieldNamingPolicy.java" name="CompositionFieldNamingPolicy.java">
            <metrics coveredelements="8" coveredconditionals="1" complexity="3" loc="46" coveredmethods="2" methods="2" elements="10" classes="1" ncloc="20" statements="6" conditionals="2" coveredstatements="5"/>
            <class name="CompositionFieldNamingPolicy">
               <metrics coveredelements="8" coveredconditionals="1" complexity="3" coveredmethods="2" methods="2" elements="10" statements="6" conditionals="2" coveredstatements="5"/>
            </class>
            <line complexity="2" visibility="public" signature="CompositionFieldNamingPolicy(RecursiveFieldNamingPolicy)" num="32" count="6" type="method"/>
            <line num="33" count="6" type="stmt"/>
            <line falsecount="6" truecount="0" num="33" type="cond"/>
            <line num="34" count="0" type="stmt"/>
            <line num="36" count="6" type="stmt"/>
            <line complexity="1" visibility="protected" signature="translateName(String,Type,Collection&lt;Annotation&gt;) : String" num="39" count="3" type="method"/>
            <line num="41" count="3" type="stmt"/>
            <line num="42" count="6" type="stmt"/>
            <line num="44" count="3" type="stmt"/>
         </file>
         <file path="/home/sepehr/masters/test_generation/model_generated_coverage/Gson1f_train_1/gson/src/main/java/com/google/gson/DefaultTypeAdapters.java" name="DefaultTypeAdapters.java">
            <metrics coveredelements="306" coveredconditionals="29" complexity="125" loc="892" coveredmethods="61" methods="94" elements="421" classes="31" ncloc="739" statements="285" conditionals="42" coveredstatements="216"/>
            <class name="DefaultTypeAdapters">
               <metrics coveredelements="98" coveredconditionals="0" complexity="8" coveredmethods="8" methods="8" elements="98" statements="90" conditionals="0" coveredstatements="90"/>
            </class>
            <class name="DefaultTypeAdapters.DefaultDateTypeAdapter">
               <metrics coveredelements="16" coveredconditionals="1" complexity="9" coveredmethods="5" methods="7" elements="26" statements="17" conditionals="2" coveredstatements="10"/>
            </class>
            <class name="DefaultTypeAdapters.DefaultJavaSqlDateTypeAdapter">
               <metrics coveredelements="6" coveredconditionals="0" complexity="5" coveredmethods="2" methods="3" elements="16" statements="11" conditionals="2" coveredstatements="4"/>
            </class>
            <class name="DefaultTypeAdapters.DefaultTimestampDeserializer">
               <metrics coveredelements="0" coveredconditionals="0" complexity="1" coveredmethods="0" methods="1" elements="3" statements="2" conditionals="0" coveredstatements="0"/>
            </class>
            <class name="DefaultTypeAdapters.DefaultTimeTypeAdapter">
               <metrics coveredelements="2" coveredconditionals="0" complexity="5" coveredmethods="1" methods="3" elements="16" statements="11" conditionals="2" coveredstatements="1"/>
            </class>
            <class name="DefaultTypeAdapters.GregorianCalendarTypeAdapter">
               <metrics coveredelements="9" coveredconditionals="0" complexity="3" coveredmethods="1" methods="3" elements="20" statements="17" conditionals="0" coveredstatements="8"/>
            </class>
            <class name="DefaultTypeAdapters.EnumTypeAdapter">
               <metrics coveredelements="4" coveredconditionals="0" complexity="3" coveredmethods="2" methods="3" elements="6" statements="3" conditionals="0" coveredstatements="2"/>
            </class>
            <class name="DefaultTypeAdapters.UrlTypeAdapter">
               <metrics coveredelements="5" coveredconditionals="0" complexity="4" coveredmethods="2" methods="3" elements="8" statements="5" conditionals="0" coveredstatements="3"/>
            </class>
            <class name="DefaultTypeAdapters.UriTypeAdapter">
               <metrics coveredelements="0" coveredconditionals="0" complexity="4" coveredmethods="0" methods="3" elements="8" statements="5" conditionals="0" coveredstatements="0"/>
            </class>
            <class name="DefaultTypeAdapters.UuidTypeAdapter">
               <metrics coveredelements="4" coveredconditionals="0" complexity="3" coveredmethods="2" methods="3" elements="6" statements="3" conditionals="0" coveredstatements="2"/>
            </class>
            <class name="DefaultTypeAdapters.LocaleTypeAdapter">
               <metrics coveredelements="26" coveredconditionals="9" complexity="9" coveredmethods="1" methods="3" elements="31" statements="18" conditionals="10" coveredstatements="16"/>
            </class>
            <class name="DefaultTypeAdapters.CollectionTypeAdapter">
               <metrics coveredelements="39" coveredconditionals="10" complexity="12" coveredmethods="4" methods="4" elements="43" statements="27" conditionals="12" coveredstatements="25"/>
            </class>
            <class name="DefaultTypeAdapters.PropertiesCreator">
               <metrics coveredelements="2" coveredconditionals="0" complexity="1" coveredmethods="1" methods="1" elements="2" statements="1" conditionals="0" coveredstatements="1"/>
            </class>
            <class name="DefaultTypeAdapters.MapTypeAdapter">
               <metrics coveredelements="32" coveredconditionals="5" complexity="8" coveredmethods="4" methods="5" elements="36" statements="25" conditionals="6" coveredstatements="23"/>
            </class>
            <class name="DefaultTypeAdapters.BigDecimalTypeAdapter">
               <metrics coveredelements="6" coveredconditionals="0" complexity="3" coveredmethods="3" methods="3" elements="6" statements="3" conditionals="0" coveredstatements="3"/>
            </class>
            <class name="DefaultTypeAdapters.BigIntegerTypeAdapter">
               <metrics coveredelements="6" coveredconditionals="0" complexity="3" coveredmethods="3" methods="3" elements="6" statements="3" conditionals="0" coveredstatements="3"/>
            </class>
            <class name="DefaultTypeAdapters.NumberTypeAdapter">
               <metrics coveredelements="4" coveredconditionals="0" complexity="3" coveredmethods="2" methods="3" elements="6" statements="3" conditionals="0" coveredstatements="2"/>
            </class>
            <class name="DefaultTypeAdapters.LongSerializer">
               <metrics coveredelements="4" coveredconditionals="0" complexity="3" coveredmethods="2" methods="3" elements="6" statements="3" conditionals="0" coveredstatements="2"/>
            </class>
            <class name="DefaultTypeAdapters.LongDeserializer">
               <metrics coveredelements="4" coveredconditionals="0" complexity="2" coveredmethods="2" methods="2" elements="4" statements="2" conditionals="0" coveredstatements="2"/>
            </class>
            <class name="DefaultTypeAdapters.IntegerTypeAdapter">
               <metrics coveredelements="4" coveredconditionals="0" complexity="3" coveredmethods="2" methods="3" elements="6" statements="3" conditionals="0" coveredstatements="2"/>
            </class>
            <class name="DefaultTypeAdapters.ShortTypeAdapter">
               <metrics coveredelements="0" coveredconditionals="0" complexity="3" coveredmethods="0" methods="3" elements="6" statements="3" conditionals="0" coveredstatements="0"/>
            </class>
            <class name="DefaultTypeAdapters.ByteTypeAdapter">
               <metrics coveredelements="0" coveredconditionals="0" complexity="3" coveredmethods="0" methods="3" elements="6" statements="3" conditionals="0" coveredstatements="0"/>
            </class>
            <class name="DefaultTypeAdapters.FloatSerializer">
               <metrics coveredelements="9" coveredconditionals="3" complexity="5" coveredmethods="2" methods="2" elements="11" statements="5" conditionals="4" coveredstatements="4"/>
            </class>
            <class name="DefaultTypeAdapters.FloatDeserializer">
               <metrics coveredelements="2" coveredconditionals="0" complexity="2" coveredmethods="1" methods="2" elements="4" statements="2" conditionals="0" coveredstatements="1"/>
            </class>
            <class name="DefaultTypeAdapters.DoubleSerializer">
               <metrics coveredelements="6" coveredconditionals="1" complexity="5" coveredmethods="2" methods="2" elements="11" statements="5" conditionals="4" coveredstatements="3"/>
            </class>
            <class name="DefaultTypeAdapters.DoubleDeserializer">
               <metrics coveredelements="2" coveredconditionals="0" complexity="2" coveredmethods="1" methods="2" elements="4" statements="2" conditionals="0" coveredstatements="1"/>
            </class>
            <class name="DefaultTypeAdapters.CharacterTypeAdapter">
               <metrics coveredelements="4" coveredconditionals="0" complexity="3" coveredmethods="2" methods="3" elements="6" statements="3" conditionals="0" coveredstatements="2"/>
            </class>
            <class name="DefaultTypeAdapters.StringTypeAdapter">
               <metrics coveredelements="4" coveredconditionals="0" complexity="3" coveredmethods="2" methods="3" elements="6" statements="3" conditionals="0" coveredstatements="2"/>
            </class>
            <class name="DefaultTypeAdapters.BooleanTypeAdapter">
               <metrics coveredelements="4" coveredconditionals="0" complexity="3" coveredmethods="2" methods="3" elements="6" statements="3" conditionals="0" coveredstatements="2"/>
            </class>
            <class name="DefaultTypeAdapters.TreeSetCreator">
               <metrics coveredelements="2" coveredconditionals="0" complexity="2" coveredmethods="1" methods="2" elements="4" statements="2" conditionals="0" coveredstatements="1"/>
            </class>
            <class name="DefaultTypeAdapters.HashSetCreator">
               <metrics coveredelements="2" coveredconditionals="0" complexity="2" coveredmethods="1" methods="2" elements="4" statements="2" conditionals="0" coveredstatements="1"/>
            </class>
            <line complexity="1" visibility="private" signature="createDefaultSerializers() : ParameterizedTypeHandlerMap&lt;JsonSerializer&lt;?&gt;&gt;" num="103" count="1" type="method"/>
            <line num="104" count="1" type="stmt"/>
            <line num="107" count="1" type="stmt"/>
            <line num="108" count="1" type="stmt"/>
            <line num="109" count="1" type="stmt"/>
            <line num="110" count="1" type="stmt"/>
            <line num="111" count="1" type="stmt"/>
            <line num="112" count="1" type="stmt"/>
            <line num="113" count="1" type="stmt"/>
            <line num="114" count="1" type="stmt"/>
            <line num="115" count="1" type="stmt"/>
            <line num="116" count="1" type="stmt"/>
            <line num="117" count="1" type="stmt"/>
            <line num="118" count="1" type="stmt"/>
            <line num="119" count="1" type="stmt"/>
            <line num="120" count="1" type="stmt"/>
            <line num="121" count="1" type="stmt"/>
            <line num="124" count="1" type="stmt"/>
            <line num="125" count="1" type="stmt"/>
            <line num="126" count="1" type="stmt"/>
            <line num="127" count="1" type="stmt"/>
            <line num="128" count="1" type="stmt"/>
            <line num="129" count="1" type="stmt"/>
            <line num="130" count="1" type="stmt"/>
            <line num="131" count="1" type="stmt"/>
            <line num="132" count="1" type="stmt"/>
            <line num="133" count="1" type="stmt"/>
            <line num="134" count="1" type="stmt"/>
            <line num="135" count="1" type="stmt"/>
            <line num="137" count="1" type="stmt"/>
            <line num="138" count="1" type="stmt"/>
            <line complexity="1" visibility="private" signature="createDefaultDeserializers() : ParameterizedTypeHandlerMap&lt;JsonDeserializer&lt;?&gt;&gt;" num="141" count="1" type="method"/>
            <line num="142" count="1" type="stmt"/>
            <line num="144" count="1" type="stmt"/>
            <line num="145" count="1" type="stmt"/>
            <line num="146" count="1" type="stmt"/>
            <line num="147" count="1" type="stmt"/>
            <line num="148" count="1" type="stmt"/>
            <line num="149" count="1" type="stmt"/>
            <line num="150" count="1" type="stmt"/>
            <line num="151" count="1" type="stmt"/>
            <line num="152" count="1" type="stmt"/>
            <line num="153" count="1" type="stmt"/>
            <line num="154" count="1" type="stmt"/>
            <line num="155" count="1" type="stmt"/>
            <line num="156" count="1" type="stmt"/>
            <line num="157" count="1" type="stmt"/>
            <line num="158" count="1" type="stmt"/>
            <line num="161" count="1" type="stmt"/>
            <line num="162" count="1" type="stmt"/>
            <line num="163" count="1" type="stmt"/>
            <line num="164" count="1" type="stmt"/>
            <line num="165" count="1" type="stmt"/>
            <line num="166" count="1" type="stmt"/>
            <line num="167" count="1" type="stmt"/>
            <line num="168" count="1" type="stmt"/>
            <line num="169" count="1" type="stmt"/>
            <line num="170" count="1" type="stmt"/>
            <line num="171" count="1" type="stmt"/>
            <line num="172" count="1" type="stmt"/>
            <line num="173" count="1" type="stmt"/>
            <line num="174" count="1" type="stmt"/>
            <line num="175" count="1" type="stmt"/>
            <line num="176" count="1" type="stmt"/>
            <line num="177" count="1" type="stmt"/>
            <line num="178" count="1" type="stmt"/>
            <line num="180" count="1" type="stmt"/>
            <line num="181" count="1" type="stmt"/>
            <line complexity="1" visibility="private" signature="createDefaultInstanceCreators() : ParameterizedTypeHandlerMap&lt;InstanceCreator&lt;?&gt;&gt;" num="184" count="1" type="method"/>
            <line num="185" count="1" type="stmt"/>
            <line num="187" count="1" type="stmt"/>
            <line num="190" count="1" type="stmt"/>
            <line num="192" count="1" type="stmt"/>
            <line num="193" count="1" type="stmt"/>
            <line num="194" count="1" type="stmt"/>
            <line num="195" count="1" type="stmt"/>
            <line num="196" count="1" type="stmt"/>
            <line complexity="1" visibility="private" signature="wrapDeserializer(JsonDeserializer&lt;?&gt;) : JsonDeserializer&lt;?&gt;" num="199" count="31" type="method"/>
            <line num="201" count="31" type="stmt"/>
            <line complexity="1" visibility="package" signature="getDefaultSerializers() : ParameterizedTypeHandlerMap&lt;JsonSerializer&lt;?&gt;&gt;" num="204" count="90" type="method"/>
            <line num="205" count="90" type="stmt"/>
            <line complexity="1" visibility="package" signature="getDefaultSerializers(boolean,LongSerializationPolicy) : ParameterizedTypeHandlerMap&lt;JsonSerializer&lt;?&gt;&gt;" num="208" count="120" type="method"/>
            <line num="210" count="120" type="stmt"/>
            <line num="214" count="120" type="stmt"/>
            <line num="216" count="120" type="stmt"/>
            <line num="217" count="120" type="stmt"/>
            <line num="220" count="120" type="stmt"/>
            <line num="222" count="120" type="stmt"/>
            <line num="223" count="120" type="stmt"/>
            <line num="226" count="120" type="stmt"/>
            <line num="228" count="120" type="stmt"/>
            <line num="229" count="120" type="stmt"/>
            <line num="231" count="120" type="stmt"/>
            <line num="232" count="120" type="stmt"/>
            <line complexity="1" visibility="package" signature="getDefaultDeserializers() : ParameterizedTypeHandlerMap&lt;JsonDeserializer&lt;?&gt;&gt;" num="235" count="120" type="method"/>
            <line num="236" count="120" type="stmt"/>
            <line complexity="1" visibility="package" signature="getDefaultInstanceCreators() : ParameterizedTypeHandlerMap&lt;InstanceCreator&lt;?&gt;&gt;" num="239" count="120" type="method"/>
            <line num="240" count="120" type="stmt"/>
            <line complexity="1" visibility="package" signature="DefaultDateTypeAdapter()" num="246" count="1" type="method"/>
            <line num="247" count="1" type="stmt"/>
            <line complexity="1" visibility="package" signature="DefaultDateTypeAdapter(String)" num="250" count="1" type="method"/>
            <line num="251" count="1" type="stmt"/>
            <line complexity="1" visibility="package" signature="DefaultDateTypeAdapter(int)" num="254" count="1" type="method"/>
            <line num="255" count="1" type="stmt"/>
            <line complexity="1" visibility="public" signature="DefaultDateTypeAdapter(int,int)" num="258" count="0" type="method"/>
            <line num="259" count="0" type="stmt"/>
            <line complexity="1" visibility="public" signature="serialize(Date,Type,JsonSerializationContext) : JsonElement" num="264" count="1" type="method"/>
            <line num="265" count="1" type="stmt"/>
            <line num="266" count="1" type="stmt"/>
            <line num="267" count="1" type="stmt"/>
            <line complexity="3" visibility="public" signature="deserialize(JsonElement,Type,JsonDeserializationContext) : Date" num="271" count="3" type="method"/>
            <line num="273" count="3" type="stmt"/>
            <line falsecount="3" truecount="0" num="273" type="cond"/>
            <line num="274" count="0" type="stmt"/>
            <line num="276" count="3" type="stmt"/>
            <line num="277" count="3" type="stmt"/>
            <line num="278" count="3" type="stmt"/>
            <line num="281" count="0" type="stmt"/>
            <line complexity="1" visibility="public" signature="toString() : String" num="285" count="0" type="method"/>
            <line num="287" count="0" type="stmt"/>
            <line num="288" count="0" type="stmt"/>
            <line num="289" count="0" type="stmt"/>
            <line num="290" count="0" type="stmt"/>
            <line complexity="1" visibility="package" signature="DefaultJavaSqlDateTypeAdapter()" num="297" count="1" type="method"/>
            <line num="298" count="1" type="stmt"/>
            <line complexity="1" visibility="public" signature="serialize(java.sql.Date,Type,JsonSerializationContext) : JsonElement" num="301" count="1" type="method"/>
            <line num="303" count="1" type="stmt"/>
            <line num="304" count="1" type="stmt"/>
            <line num="305" count="1" type="stmt"/>
            <line complexity="3" visibility="public" signature="deserialize(JsonElement,Type,JsonDeserializationContext) : java.sql.Date" num="308" count="0" type="method"/>
            <line num="310" count="0" type="stmt"/>
            <line falsecount="0" truecount="0" num="310" type="cond"/>
            <line num="311" count="0" type="stmt"/>
            <line num="313" count="0" type="stmt"/>
            <line num="314" count="0" type="stmt"/>
            <line num="315" count="0" type="stmt"/>
            <line num="316" count="0" type="stmt"/>
            <line num="319" count="0" type="stmt"/>
            <line complexity="1" visibility="public" signature="deserialize(JsonElement,Type,JsonDeserializationContext) : Timestamp" num="325" count="0" type="method"/>
            <line num="327" count="0" type="stmt"/>
            <line num="328" count="0" type="stmt"/>
            <line complexity="1" visibility="package" signature="DefaultTimeTypeAdapter()" num="334" count="1" type="method"/>
            <line num="335" count="1" type="stmt"/>
            <line complexity="1" visibility="public" signature="serialize(Time,Type,JsonSerializationContext) : JsonElement" num="337" count="0" type="method"/>
            <line num="338" count="0" type="stmt"/>
            <line num="339" count="0" type="stmt"/>
            <line num="340" count="0" type="stmt"/>
            <line complexity="3" visibility="public" signature="deserialize(JsonElement,Type,JsonDeserializationContext) : Time" num="343" count="0" type="method"/>
            <line num="345" count="0" type="stmt"/>
            <line falsecount="0" truecount="0" num="345" type="cond"/>
            <line num="346" count="0" type="stmt"/>
            <line num="348" count="0" type="stmt"/>
            <line num="349" count="0" type="stmt"/>
            <line num="350" count="0" type="stmt"/>
            <line num="351" count="0" type="stmt"/>
            <line num="354" count="0" type="stmt"/>
            <line complexity="1" visibility="public" signature="serialize(GregorianCalendar,Type,JsonSerializationContext) : JsonElement" num="369" count="1" type="method"/>
            <line num="371" count="1" type="stmt"/>
            <line num="372" count="1" type="stmt"/>
            <line num="373" count="1" type="stmt"/>
            <line num="374" count="1" type="stmt"/>
            <line num="375" count="1" type="stmt"/>
            <line num="376" count="1" type="stmt"/>
            <line num="377" count="1" type="stmt"/>
            <line num="378" count="1" type="stmt"/>
            <line complexity="1" visibility="public" signature="deserialize(JsonElement,Type,JsonDeserializationContext) : GregorianCalendar" num="381" count="0" type="method"/>
            <line num="383" count="0" type="stmt"/>
            <line num="384" count="0" type="stmt"/>
            <line num="385" count="0" type="stmt"/>
            <line num="386" count="0" type="stmt"/>
            <line num="387" count="0" type="stmt"/>
            <line num="388" count="0" type="stmt"/>
            <line num="389" count="0" type="stmt"/>
            <line num="390" count="0" type="stmt"/>
            <line complexity="1" visibility="public" signature="toString() : String" num="393" count="0" type="method"/>
            <line num="395" count="0" type="stmt"/>
            <line complexity="1" visibility="public" signature="serialize(T,Type,JsonSerializationContext) : JsonElement" num="402" count="4" type="method"/>
            <line num="403" count="4" type="stmt"/>
            <line complexity="1" visibility="public" signature="deserialize(JsonElement,Type,JsonDeserializationContext) : T" num="406" count="5" type="method"/>
            <line num="409" count="5" type="stmt"/>
            <line complexity="1" visibility="public" signature="toString() : String" num="412" count="0" type="method"/>
            <line num="414" count="0" type="stmt"/>
            <line complexity="1" visibility="public" signature="serialize(URL,Type,JsonSerializationContext) : JsonElement" num="419" count="1" type="method"/>
            <line num="420" count="1" type="stmt"/>
            <line complexity="2" visibility="public" signature="deserialize(JsonElement,Type,JsonDeserializationContext) : URL" num="423" count="2" type="method"/>
            <line num="425" count="2" type="stmt"/>
            <line num="426" count="2" type="stmt"/>
            <line num="428" count="0" type="stmt"/>
            <line complexity="1" visibility="public" signature="toString() : String" num="432" count="0" type="method"/>
            <line num="434" count="0" type="stmt"/>
            <line complexity="1" visibility="public" signature="serialize(URI,Type,JsonSerializationContext) : JsonElement" num="439" count="0" type="method"/>
            <line num="440" count="0" type="stmt"/>
            <line complexity="2" visibility="public" signature="deserialize(JsonElement,Type,JsonDeserializationContext) : URI" num="442" count="0" type="method"/>
            <line num="444" count="0" type="stmt"/>
            <line num="445" count="0" type="stmt"/>
            <line num="447" count="0" type="stmt"/>
            <line complexity="1" visibility="public" signature="toString() : String" num="450" count="0" type="method"/>
            <line num="452" count="0" type="stmt"/>
            <line complexity="1" visibility="public" signature="serialize(UUID,Type,JsonSerializationContext) : JsonElement" num="457" count="1" type="method"/>
            <line num="458" count="1" type="stmt"/>
            <line complexity="1" visibility="public" signature="deserialize(JsonElement,Type,JsonDeserializationContext) : UUID" num="461" count="1" type="method"/>
            <line num="463" count="1" type="stmt"/>
            <line complexity="1" visibility="public" signature="toString() : String" num="466" count="0" type="method"/>
            <line num="468" count="0" type="stmt"/>
            <line complexity="1" visibility="public" signature="serialize(Locale,Type,JsonSerializationContext) : JsonElement" num="474" count="0" type="method"/>
            <line num="475" count="0" type="stmt"/>
            <line complexity="7" visibility="public" signature="deserialize(JsonElement,Type,JsonDeserializationContext) : Locale" num="478" count="3" type="method"/>
            <line num="480" count="3" type="stmt"/>
            <line num="481" count="3" type="stmt"/>
            <line num="482" count="3" type="stmt"/>
            <line num="483" count="3" type="stmt"/>
            <line num="484" count="3" type="stmt"/>
            <line num="485" count="3" type="stmt"/>
            <line falsecount="0" truecount="3" num="485" type="cond"/>
            <line num="486" count="3" type="stmt"/>
            <line num="488" count="3" type="stmt"/>
            <line falsecount="1" truecount="2" num="488" type="cond"/>
            <line num="489" count="2" type="stmt"/>
            <line num="491" count="3" type="stmt"/>
            <line falsecount="2" truecount="1" num="491" type="cond"/>
            <line num="492" count="1" type="stmt"/>
            <line num="494" count="3" type="stmt"/>
[...]
            <line num="81" count="0" type="stmt"/>
            <line num="82" count="0" type="stmt"/>
            <line complexity="1" visibility="public" signature="serialize(Sub,Type,JsonSerializationContext) : JsonElement" num="87" count="0" type="method"/>
            <line num="88" count="0" type="stmt"/>
            <line num="89" count="0" type="stmt"/>
            <line num="90" count="0" type="stmt"/>
            <line complexity="1" visibility="package" signature="StringWrapper()" num="97" count="1" type="method"/>
            <line num="98" count="1" type="stmt"/>
            <line complexity="1" visibility="public" signature="StringWrapper(String)" num="101" count="3" type="method"/>
            <line num="102" count="3" type="stmt"/>
            <line complexity="1" visibility="public" signature="BagOfPrimitives()" num="113" count="22" type="method"/>
            <line num="114" count="22" type="stmt"/>
            <line complexity="1" visibility="public" signature="BagOfPrimitives(long,int,boolean,String)" num="117" count="34" type="method"/>
            <line num="118" count="34" type="stmt"/>
            <line num="119" count="34" type="stmt"/>
            <line num="120" count="34" type="stmt"/>
            <line num="121" count="34" type="stmt"/>
            <line complexity="1" visibility="public" signature="getIntValue() : int" num="124" count="0" type="method"/>
            <line num="125" count="0" type="stmt"/>
            <line complexity="1" visibility="public" signature="getExpectedJson() : String" num="128" count="12" type="method"/>
            <line num="129" count="12" type="stmt"/>
            <line num="130" count="12" type="stmt"/>
            <line num="131" count="12" type="stmt"/>
            <line num="132" count="12" type="stmt"/>
            <line num="133" count="12" type="stmt"/>
            <line num="134" count="12" type="stmt"/>
            <line num="135" count="12" type="stmt"/>
            <line num="136" count="12" type="stmt"/>
            <line complexity="3" visibility="public" signature="hashCode() : int" num="139" count="0" type="method"/>
            <line num="141" count="0" type="stmt"/>
            <line num="142" count="0" type="stmt"/>
            <line num="143" count="0" type="stmt"/>
            <line falsecount="0" truecount="0" num="143" type="cond"/>
            <line num="144" count="0" type="stmt"/>
            <line num="145" count="0" type="stmt"/>
            <line num="146" count="0" type="stmt"/>
            <line falsecount="0" truecount="0" num="146" type="cond"/>
            <line num="147" count="0" type="stmt"/>
            <line complexity="10" visibility="public" signature="equals(Object) : boolean" num="150" count="2" type="method"/>
            <line num="152" count="2" type="stmt"/>
            <line falsecount="2" truecount="0" num="152" type="cond"/>
            <line num="153" count="0" type="stmt"/>
            <line num="154" count="2" type="stmt"/>
            <line falsecount="2" truecount="0" num="154" type="cond"/>
            <line num="155" count="0" type="stmt"/>
            <line num="156" count="2" type="stmt"/>
            <line falsecount="2" truecount="0" num="156" type="cond"/>
            <line num="157" count="0" type="stmt"/>
            <line num="158" count="2" type="stmt"/>
            <line num="159" count="2" type="stmt"/>
            <line falsecount="2" truecount="0" num="159" type="cond"/>
            <line num="160" count="0" type="stmt"/>
            <line num="161" count="2" type="stmt"/>
            <line falsecount="2" truecount="0" num="161" type="cond"/>
            <line num="162" count="0" type="stmt"/>
            <line num="163" count="2" type="stmt"/>
            <line falsecount="2" truecount="0" num="163" type="cond"/>
            <line num="164" count="0" type="stmt"/>
            <line num="165" count="2" type="stmt"/>
            <line falsecount="2" truecount="0" num="165" type="cond"/>
            <line num="166" count="0" type="stmt"/>
            <line falsecount="0" truecount="0" num="166" type="cond"/>
            <line num="167" count="0" type="stmt"/>
            <line num="168" count="2" type="stmt"/>
            <line falsecount="2" truecount="0" num="168" type="cond"/>
            <line num="169" count="0" type="stmt"/>
            <line num="170" count="2" type="stmt"/>
            <line complexity="1" visibility="public" signature="toString() : String" num="173" count="1" type="method"/>
            <line num="175" count="1" type="stmt"/>
            <line complexity="1" visibility="public" signature="BagOfPrimitiveWrappers()" num="185" count="1" type="method"/>
            <line num="186" count="1" type="stmt"/>
            <line complexity="1" visibility="public" signature="BagOfPrimitiveWrappers(Long,Integer,Boolean)" num="189" count="2" type="method"/>
            <line num="190" count="2" type="stmt"/>
            <line num="191" count="2" type="stmt"/>
            <line num="192" count="2" type="stmt"/>
            <line complexity="1" visibility="public" signature="getExpectedJson() : String" num="195" count="2" type="method"/>
            <line num="196" count="2" type="stmt"/>
            <line num="197" count="2" type="stmt"/>
            <line num="198" count="2" type="stmt"/>
            <line num="199" count="2" type="stmt"/>
            <line num="200" count="2" type="stmt"/>
            <line num="201" count="2" type="stmt"/>
            <line num="202" count="2" type="stmt"/>
            <line complexity="1" visibility="public" signature="PrimitiveArray()" num="209" count="0" type="method"/>
            <line num="210" count="0" type="stmt"/>
            <line complexity="1" visibility="public" signature="PrimitiveArray(long[])" num="213" count="0" type="method"/>
            <line num="214" count="0" type="stmt"/>
            <line complexity="2" visibility="public" signature="getExpectedJson() : String" num="217" count="0" type="method"/>
            <line num="218" count="0" type="stmt"/>
            <line num="219" count="0" type="stmt"/>
            <line num="221" count="0" type="stmt"/>
            <line num="222" count="0" type="stmt"/>
            <line num="223" count="0" type="stmt"/>
            <line falsecount="0" truecount="0" num="223" type="cond"/>
            <line num="224" count="0" type="stmt"/>
            <line num="226" count="0" type="stmt"/>
            <line num="228" count="0" type="stmt"/>
            <line num="231" count="0" type="stmt"/>
            <line num="232" count="0" type="stmt"/>
            <line complexity="1" visibility="public" signature="equals(Object) : boolean" num="238" count="0" type="method"/>
            <line num="240" count="0" type="stmt"/>
            <line complexity="1" visibility="public" signature="Nested()" num="248" count="0" type="method"/>
            <line num="249" count="0" type="stmt"/>
            <line complexity="1" visibility="public" signature="Nested(BagOfPrimitives,BagOfPrimitives)" num="252" count="0" type="method"/>
            <line num="253" count="0" type="stmt"/>
            <line num="254" count="0" type="stmt"/>
            <line complexity="1" visibility="public" signature="getExpectedJson() : String" num="257" count="0" type="method"/>
            <line num="258" count="0" type="stmt"/>
            <line num="259" count="0" type="stmt"/>
            <line num="260" count="0" type="stmt"/>
            <line num="261" count="0" type="stmt"/>
            <line num="262" count="0" type="stmt"/>
            <line complexity="5" visibility="public" signature="appendFields(StringBuilder) : void" num="265" count="0" type="method"/>
            <line num="266" count="0" type="stmt"/>
            <line falsecount="0" truecount="0" num="266" type="cond"/>
            <line num="267" count="0" type="stmt"/>
            <line num="269" count="0" type="stmt"/>
            <line falsecount="0" truecount="0" num="269" type="cond"/>
            <line num="270" count="0" type="stmt"/>
            <line num="272" count="0" type="stmt"/>
            <line falsecount="0" truecount="0" num="272" type="cond"/>
            <line num="273" count="0" type="stmt"/>
            <line complexity="1" visibility="public" signature="ClassWithTransientFields()" num="283" count="1" type="method"/>
            <line num="284" count="1" type="stmt"/>
            <line complexity="1" visibility="public" signature="ClassWithTransientFields(long)" num="287" count="1" type="method"/>
            <line num="288" count="1" type="stmt"/>
            <line num="289" count="1" type="stmt"/>
            <line complexity="1" visibility="public" signature="getExpectedJson() : String" num="292" count="0" type="method"/>
            <line num="293" count="0" type="stmt"/>
            <line num="294" count="0" type="stmt"/>
            <line num="295" count="0" type="stmt"/>
            <line num="296" count="0" type="stmt"/>
            <line num="297" count="0" type="stmt"/>
            <line complexity="1" visibility="public" signature="ClassWithCustomTypeConverter()" num="305" count="0" type="method"/>
            <line num="306" count="0" type="stmt"/>
            <line complexity="1" visibility="public" signature="ClassWithCustomTypeConverter(int)" num="309" count="0" type="method"/>
            <line num="310" count="0" type="stmt"/>
            <line complexity="1" visibility="public" signature="ClassWithCustomTypeConverter(BagOfPrimitives,int)" num="313" count="0" type="method"/>
            <line num="314" count="0" type="stmt"/>
            <line num="315" count="0" type="stmt"/>
            <line complexity="1" visibility="public" signature="getBag() : BagOfPrimitives" num="318" count="0" type="method"/>
            <line num="319" count="0" type="stmt"/>
            <line complexity="1" visibility="public" signature="getExpectedJson() : String" num="322" count="0" type="method"/>
            <line num="323" count="0" type="stmt"/>
            <line complexity="1" visibility="public" signature="getValue() : int" num="326" count="0" type="method"/>
            <line num="327" count="0" type="stmt"/>
            <line complexity="2" visibility="public" signature="ArrayOfObjects()" num="333" count="2" type="method"/>
            <line num="334" count="2" type="stmt"/>
            <line num="335" count="2" type="stmt"/>
            <line falsecount="2" truecount="6" num="335" type="cond"/>
            <line num="336" count="6" type="stmt"/>
            <line complexity="2" visibility="public" signature="getExpectedJson() : String" num="339" count="2" type="method"/>
            <line num="340" count="2" type="stmt"/>
            <line num="341" count="2" type="stmt"/>
            <line num="342" count="2" type="stmt"/>
            <line num="343" count="6" type="stmt"/>
            <line falsecount="4" truecount="2" num="343" type="cond"/>
            <line num="344" count="2" type="stmt"/>
            <line num="346" count="4" type="stmt"/>
            <line num="348" count="6" type="stmt"/>
            <line num="350" count="2" type="stmt"/>
            <line num="351" count="2" type="stmt"/>
            <line complexity="2" visibility="public" signature="getExpectedJson() : String" num="358" count="0" type="method"/>
            <line num="359" count="0" type="stmt"/>
            <line falsecount="0" truecount="0" num="359" type="cond"/>
            <line num="360" count="0" type="stmt"/>
            <line num="362" count="0" type="stmt"/>
            <line complexity="1" visibility="public" signature="equals(Object) : boolean" num="364" count="0" type="method"/>
            <line num="366" count="0" type="stmt"/>
            <line complexity="1" visibility="public" signature="hashCode() : int" num="369" count="1" type="method"/>
            <line num="371" count="1" type="stmt"/>
            <line complexity="1" visibility="public" signature="ClassWithArray()" num="377" count="0" type="method"/>
            <line num="378" count="0" type="stmt"/>
            <line complexity="1" visibility="public" signature="ClassWithArray(Object[])" num="381" count="0" type="method"/>
            <line num="382" count="0" type="stmt"/>
            <line complexity="1" visibility="public" signature="ClassWithObjects()" num="388" count="1" type="method"/>
            <line num="389" count="1" type="stmt"/>
            <line complexity="1" visibility="public" signature="ClassWithObjects(BagOfPrimitives)" num="391" count="2" type="method"/>
            <line num="392" count="2" type="stmt"/>
            <line complexity="1" visibility="public" signature="ClassWithSerializedNameFields()" num="400" count="0" type="method"/>
            <line num="401" count="0" type="stmt"/>
            <line complexity="1" visibility="public" signature="ClassWithSerializedNameFields(int,int)" num="403" count="0" type="method"/>
            <line num="404" count="0" type="stmt"/>
            <line num="405" count="0" type="stmt"/>
            <line complexity="1" visibility="public" signature="getExpectedJson() : String" num="408" count="0" type="method"/>
            <line num="409" count="0" type="stmt"/>
            <line complexity="1" visibility="public" signature="serialize(Long,Type,JsonSerializationContext) : JsonElement" num="416" count="1" type="method"/>
            <line num="417" count="1" type="stmt"/>
            <line complexity="1" visibility="public" signature="deserialize(JsonElement,Type,JsonDeserializationContext) : Long" num="420" count="1" type="method"/>
            <line num="422" count="1" type="stmt"/>
         </file>
      </package>
      <package name="com.google.gson.metrics">
         <metrics coveredelements="0" complexity="17" loc="204" methods="15" classes="7" statements="32" coveredconditionals="0" coveredmethods="0" elements="51" ncloc="114" files="1" conditionals="4" coveredstatements="0"/>
         <file path="/home/sepehr/masters/test_generation/model_generated_coverage/Gson1f_train_1/gson/src/test/java/com/google/gson/metrics/PerformanceTest.java" name="PerformanceTest.java">
            <metrics coveredelements="0" coveredconditionals="0" complexity="17" loc="204" coveredmethods="0" methods="15" elements="51" classes="7" ncloc="114" statements="32" conditionals="4" coveredstatements="0"/>
            <class name="PerformanceTest">
               <metrics coveredelements="0" coveredconditionals="0" complexity="5" coveredmethods="0" methods="3" elements="25" statements="18" conditionals="4" coveredstatements="0"/>
            </class>
            <class name="PerformanceTest.ExceptionHolder">
               <metrics coveredelements="0" coveredconditionals="0" complexity="2" coveredmethods="0" methods="2" elements="5" statements="3" conditionals="0" coveredstatements="0"/>
            </class>
            <class name="PerformanceTest.CollectionEntry">
               <metrics coveredelements="0" coveredconditionals="0" complexity="2" coveredmethods="0" methods="2" elements="5" statements="3" conditionals="0" coveredstatements="0"/>
            </class>
            <class name="PerformanceTest.ClassWithList">
               <metrics coveredelements="0" coveredconditionals="0" complexity="2" coveredmethods="0" methods="2" elements="4" statements="2" conditionals="0" coveredstatements="0"/>
            </class>
            <class name="PerformanceTest.ClassWithField">
               <metrics coveredelements="0" coveredconditionals="0" complexity="2" coveredmethods="0" methods="2" elements="4" statements="2" conditionals="0" coveredstatements="0"/>
            </class>
            <class name="PerformanceTest.ClassWithListOfObjects">
               <metrics coveredelements="0" coveredconditionals="0" complexity="2" coveredmethods="0" methods="2" elements="4" statements="2" conditionals="0" coveredstatements="0"/>
            </class>
            <class name="PerformanceTest.ClassWithExposedField">
               <metrics coveredelements="0" coveredconditionals="0" complexity="2" coveredmethods="0" methods="2" elements="4" statements="2" conditionals="0" coveredstatements="0"/>
            </class>
            <line complexity="1" visibility="protected" signature="setUp() : void" num="47" count="0" type="method"/>
            <line num="49" count="0" type="stmt"/>
            <line num="50" count="0" type="stmt"/>
            <line complexity="1" visibility="private" signature="parseLongJson(String) : void" num="57" count="0" type="method"/>
            <line num="58" count="0" type="stmt"/>
            <line num="59" count="0" type="stmt"/>
            <line num="60" count="0" type="stmt"/>
            <line complexity="1" visibility="private" signature="ExceptionHolder()" num="68" count="0" type="method"/>
            <line num="70" count="0" type="stmt"/>
            <line complexity="1" visibility="public" signature="ExceptionHolder(String,String)" num="72" count="0" type="method"/>
            <line num="73" count="0" type="stmt"/>
            <line num="74" count="0" type="stmt"/>
            <line complexity="1" visibility="private" signature="CollectionEntry()" num="84" count="0" type="method"/>
            <line num="85" count="0" type="stmt"/>
            <line complexity="1" visibility="package" signature="CollectionEntry(String,String)" num="88" count="0" type="method"/>
            <line num="89" count="0" type="stmt"/>
            <line num="90" count="0" type="stmt"/>
            <line complexity="3" visibility="private" signature="buildJsonForClassWithList() : String" num="137" count="0" type="method"/>
            <line num="138" count="0" type="stmt"/>
            <line num="139" count="0" type="stmt"/>
            <line num="140" count="0" type="stmt"/>
            <line num="141" count="0" type="stmt"/>
            <line num="142" count="0" type="stmt"/>
            <line falsecount="0" truecount="0" num="142" type="cond"/>
            <line num="143" count="0" type="stmt"/>
            <line falsecount="0" truecount="0" num="143" type="cond"/>
            <line num="144" count="0" type="stmt"/>
            <line num="146" count="0" type="stmt"/>
            <line num="148" count="0" type="stmt"/>
            <line num="150" count="0" type="stmt"/>
            <line num="151" count="0" type="stmt"/>
            <line num="152" count="0" type="stmt"/>
            <line num="153" count="0" type="stmt"/>
            <line complexity="1" visibility="package" signature="ClassWithList()" num="160" count="0" type="method"/>
            <line num="161" count="0" type="stmt"/>
            <line complexity="1" visibility="package" signature="ClassWithList(String)" num="163" count="0" type="method"/>
            <line num="164" count="0" type="stmt"/>
            <line complexity="1" visibility="package" signature="ClassWithField()" num="171" count="0" type="method"/>
            <line num="172" count="0" type="stmt"/>
            <line complexity="1" visibility="public" signature="ClassWithField(String)" num="174" count="0" type="method"/>
            <line num="175" count="0" type="stmt"/>
            <line complexity="1" visibility="package" signature="ClassWithListOfObjects()" num="185" count="0" type="method"/>
            <line num="186" count="0" type="stmt"/>
            <line complexity="1" visibility="package" signature="ClassWithListOfObjects(String)" num="188" count="0" type="method"/>
            <line num="189" count="0" type="stmt"/>
            <line complexity="1" visibility="package" signature="ClassWithExposedField()" num="197" count="0" type="method"/>
            <line num="198" count="0" type="stmt"/>
            <line complexity="1" visibility="package" signature="ClassWithExposedField(String)" num="200" count="0" type="method"/>
            <line num="201" count="0" type="stmt"/>
         </file>
      </package>
   </testproject>
</coverage>